2018-05-03 15:26:01 [-][-][-][trace][yii\base\Application::bootstrap] Bootstrap with yii\log\Dispatcher
2018-05-03 15:26:01 [-][-][-][trace][yii\base\Controller::runAction] Route to run: migrate/up
2018-05-03 15:26:01 [-][-][-][trace][yii\base\InlineAction::runWithParams] Running action: yii\console\controllers\MigrateController::actionUp()
2018-05-03 15:26:01 [-][-][-][info][yii\db\Command::query] SHOW FULL COLUMNS FROM `migration`
2018-05-03 15:26:01 [-][-][-][info][yii\db\Connection::open] Opening DB connection: mysql:host=127.0.0.1;dbname=gxptest
2018-05-03 15:26:01 [-][-][-][profile begin][yii\db\Connection::open] Opening DB connection: mysql:host=127.0.0.1;dbname=gxptest
2018-05-03 15:26:01 [-][-][-][profile end][yii\db\Connection::open] Opening DB connection: mysql:host=127.0.0.1;dbname=gxptest
2018-05-03 15:26:01 [-][-][-][profile begin][yii\db\Command::query] SHOW FULL COLUMNS FROM `migration`
2018-05-03 15:26:01 [-][-][-][profile end][yii\db\Command::query] SHOW FULL COLUMNS FROM `migration`
2018-05-03 15:26:01 [-][-][-][info][yii\db\Command::query] SELECT
    kcu.constraint_name,
    kcu.column_name,
    kcu.referenced_table_name,
    kcu.referenced_column_name
FROM information_schema.referential_constraints AS rc
JOIN information_schema.key_column_usage AS kcu ON
    (
        kcu.constraint_catalog = rc.constraint_catalog OR
        (kcu.constraint_catalog IS NULL AND rc.constraint_catalog IS NULL)
    ) AND
    kcu.constraint_schema = rc.constraint_schema AND
    kcu.constraint_name = rc.constraint_name
WHERE rc.constraint_schema = database() AND kcu.table_schema = database()
AND rc.table_name = 'migration' AND kcu.table_name = 'migration'
2018-05-03 15:26:01 [-][-][-][profile begin][yii\db\Command::query] SELECT
    kcu.constraint_name,
    kcu.column_name,
    kcu.referenced_table_name,
    kcu.referenced_column_name
FROM information_schema.referential_constraints AS rc
JOIN information_schema.key_column_usage AS kcu ON
    (
        kcu.constraint_catalog = rc.constraint_catalog OR
        (kcu.constraint_catalog IS NULL AND rc.constraint_catalog IS NULL)
    ) AND
    kcu.constraint_schema = rc.constraint_schema AND
    kcu.constraint_name = rc.constraint_name
WHERE rc.constraint_schema = database() AND kcu.table_schema = database()
AND rc.table_name = 'migration' AND kcu.table_name = 'migration'
2018-05-03 15:26:01 [-][-][-][profile end][yii\db\Command::query] SELECT
    kcu.constraint_name,
    kcu.column_name,
    kcu.referenced_table_name,
    kcu.referenced_column_name
FROM information_schema.referential_constraints AS rc
JOIN information_schema.key_column_usage AS kcu ON
    (
        kcu.constraint_catalog = rc.constraint_catalog OR
        (kcu.constraint_catalog IS NULL AND rc.constraint_catalog IS NULL)
    ) AND
    kcu.constraint_schema = rc.constraint_schema AND
    kcu.constraint_name = rc.constraint_name
WHERE rc.constraint_schema = database() AND kcu.table_schema = database()
AND rc.table_name = 'migration' AND kcu.table_name = 'migration'
2018-05-03 15:26:01 [-][-][-][info][yii\db\Command::query] SELECT `version`, `apply_time` FROM `migration` ORDER BY `apply_time` DESC, `version` DESC
2018-05-03 15:26:01 [-][-][-][profile begin][yii\db\Command::query] SELECT `version`, `apply_time` FROM `migration` ORDER BY `apply_time` DESC, `version` DESC
2018-05-03 15:26:01 [-][-][-][profile end][yii\db\Command::query] SELECT `version`, `apply_time` FROM `migration` ORDER BY `apply_time` DESC, `version` DESC
2018-05-03 15:26:01 [-][-][-][info][yii\db\Command::query] SHOW FULL COLUMNS FROM `migration`
2018-05-03 15:26:01 [-][-][-][profile begin][yii\db\Command::query] SHOW FULL COLUMNS FROM `migration`
2018-05-03 15:26:01 [-][-][-][profile end][yii\db\Command::query] SHOW FULL COLUMNS FROM `migration`
2018-05-03 15:26:01 [-][-][-][info][yii\db\Command::query] SELECT
    kcu.constraint_name,
    kcu.column_name,
    kcu.referenced_table_name,
    kcu.referenced_column_name
FROM information_schema.referential_constraints AS rc
JOIN information_schema.key_column_usage AS kcu ON
    (
        kcu.constraint_catalog = rc.constraint_catalog OR
        (kcu.constraint_catalog IS NULL AND rc.constraint_catalog IS NULL)
    ) AND
    kcu.constraint_schema = rc.constraint_schema AND
    kcu.constraint_name = rc.constraint_name
WHERE rc.constraint_schema = database() AND kcu.table_schema = database()
AND rc.table_name = 'migration' AND kcu.table_name = 'migration'
2018-05-03 15:26:01 [-][-][-][profile begin][yii\db\Command::query] SELECT
    kcu.constraint_name,
    kcu.column_name,
    kcu.referenced_table_name,
    kcu.referenced_column_name
FROM information_schema.referential_constraints AS rc
JOIN information_schema.key_column_usage AS kcu ON
    (
        kcu.constraint_catalog = rc.constraint_catalog OR
        (kcu.constraint_catalog IS NULL AND rc.constraint_catalog IS NULL)
    ) AND
    kcu.constraint_schema = rc.constraint_schema AND
    kcu.constraint_name = rc.constraint_name
WHERE rc.constraint_schema = database() AND kcu.table_schema = database()
AND rc.table_name = 'migration' AND kcu.table_name = 'migration'
2018-05-03 15:26:01 [-][-][-][profile end][yii\db\Command::query] SELECT
    kcu.constraint_name,
    kcu.column_name,
    kcu.referenced_table_name,
    kcu.referenced_column_name
FROM information_schema.referential_constraints AS rc
JOIN information_schema.key_column_usage AS kcu ON
    (
        kcu.constraint_catalog = rc.constraint_catalog OR
        (kcu.constraint_catalog IS NULL AND rc.constraint_catalog IS NULL)
    ) AND
    kcu.constraint_schema = rc.constraint_schema AND
    kcu.constraint_name = rc.constraint_name
WHERE rc.constraint_schema = database() AND kcu.table_schema = database()
AND rc.table_name = 'migration' AND kcu.table_name = 'migration'
2018-05-03 15:26:01 [-][-][-][info][application] $_GET = []

$_POST = []

$_FILES = []

$_COOKIE = []

$_SERVER = [
    'ACLOCAL_PATH' => '/mingw64/share/aclocal:/usr/share/aclocal'
    'ALLUSERSPROFILE' => 'C:\\ProgramData'
    'APPDATA' => 'C:\\Users\\Administrator\\AppData\\Roaming'
    'COMMONPROGRAMFILES' => 'C:\\Program Files\\Common Files'
    'CommonProgramFiles(x86)' => 'C:\\Program Files (x86)\\Common Files'
    'CommonProgramW6432' => 'C:\\Program Files\\Common Files'
    'COMPUTERNAME' => 'KDLC-20171026RD'
    'COMSPEC' => 'C:\\Windows\\system32\\cmd.exe'
    'CONFIG_SITE' => '/mingw64/etc/config.site'
    'DISPLAY' => 'needs-to-be-defined'
    'EXEPATH' => 'C:\\Program Files\\Git'
    'FP_NO_HOST_CHECK' => 'NO'
    'HOME' => 'C:\\Users\\Administrator'
    'HOMEDRIVE' => 'C:'
    'HOMEPATH' => '\\Users\\Administrator'
    'HOSTNAME' => 'KDLC-20171026RD'
    'INFOPATH' => '/usr/local/info:/usr/share/info:/usr/info:/share/info'
    'JAVA_HOME' => 'C:\\Program Files\\Java\\jdk1.8.0_161'
    'LANG' => 'zh_CN.UTF-8'
    'LOCALAPPDATA' => 'C:\\Users\\Administrator\\AppData\\Local'
    'LOGONSERVER' => '\\\\KDLC-20171026RD'
    'MANPATH' => '/mingw64/share/man:/usr/local/man:/usr/share/man:/usr/man:/share/man'
    'MINGW_CHOST' => 'x86_64-w64-mingw32'
    'MINGW_PACKAGE_PREFIX' => 'mingw-w64-x86_64'
    'MINGW_PREFIX' => '/mingw64'
    'MSYSTEM' => 'MINGW64'
    'MSYSTEM_CARCH' => 'x86_64'
    'MSYSTEM_CHOST' => 'x86_64-w64-mingw32'
    'MSYSTEM_PREFIX' => '/mingw64'
    'NUMBER_OF_PROCESSORS' => '8'
    'OLDPWD' => '/d/git/blog'
    'ORIGINAL_PATH' => '/mingw64/bin:/usr/bin:/c/Users/Administrator/bin:/c/ProgramData/Oracle/Java/javapath:/c/Windows/system32:/c/Windows:/c/Windows/System32/Wbem:/c/Windows/System32/WindowsPowerShell/v1.0:/c/Program Files/TortoiseSVN/bin:/d/wamp64/bin/php/php7.0.10:/cmd:/c/Program Files/TortoiseGit/bin:/c/Program Files/Sublime Text 3:/c/ProgramData/ComposerSetup/bin:/c/Program Files/Java/jdk1.8.0_161/bin:/c/Program Files/Java/jdk1.8.0_161/jre/bin:/c/Users/Administrator/AppData/Roaming/Composer/vendor/bin'
    'ORIGINAL_TEMP' => '/tmp'
    'ORIGINAL_TMP' => '/tmp'
    'OS' => 'Windows_NT'
    'PATH' => 'C:\\Users\\Administrator\\bin;C:\\Program Files\\Git\\mingw64\\bin;C:\\Program Files\\Git\\usr\\local\\bin;C:\\Program Files\\Git\\usr\\bin;C:\\Program Files\\Git\\usr\\bin;C:\\Program Files\\Git\\mingw64\\bin;C:\\Program Files\\Git\\usr\\bin;C:\\Users\\Administrator\\bin;C:\\ProgramData\\Oracle\\Java\\javapath;C:\\Windows\\system32;C:\\Windows;C:\\Windows\\System32\\Wbem;C:\\Windows\\System32\\WindowsPowerShell\\v1.0;C:\\Program Files\\TortoiseSVN\\bin;D:\\wamp64\\bin\\php\\php7.0.10;C:\\Program Files\\Git\\cmd;C:\\Program Files\\TortoiseGit\\bin;C:\\Program Files\\Sublime Text 3;C:\\ProgramData\\ComposerSetup\\bin;C:\\Program Files\\Java\\jdk1.8.0_161\\bin;C:\\Program Files\\Java\\jdk1.8.0_161\\jre\\bin;C:\\Users\\Administrator\\AppData\\Roaming\\Composer\\vendor\\bin;C:\\Program Files\\Git\\usr\\bin\\vendor_perl;C:\\Program Files\\Git\\usr\\bin\\core_perl'
    'PATHEXT' => '.COM;.EXE;.BAT;.CMD;.VBS;.VBE;.JS;.JSE;.WSF;.WSH;.MSC'
    'PKG_CONFIG_PATH' => '/mingw64/lib/pkgconfig:/mingw64/share/pkgconfig'
    'PLINK_PROTOCOL' => 'ssh'
    'PRINTER' => 'Microsoft XPS Document Writer'
    'PROCESSOR_ARCHITECTURE' => 'AMD64'
    'PROCESSOR_IDENTIFIER' => 'Intel64 Family 6 Model 94 Stepping 3, GenuineIntel'
    'PROCESSOR_LEVEL' => '6'
    'PROCESSOR_REVISION' => '5e03'
    'ProgramData' => 'C:\\ProgramData'
    'PROGRAMFILES' => 'C:\\Program Files'
    'ProgramFiles(x86)' => 'C:\\Program Files (x86)'
    'ProgramW6432' => 'C:\\Program Files'
    'PS1' => '\\[\\033]0;$TITLEPREFIX:${PWD//[^[:ascii:]]/?}\\007\\]\\n\\[\\033[32m\\]\\u@\\h \\[\\033[35m\\]$MSYSTEM \\[\\033[33m\\]\\w\\[\\033[36m\\]`__git_ps1`\\[\\033[0m\\]\\n$ '
    'PSModulePath' => 'C:\\Windows\\system32\\WindowsPowerShell\\v1.0\\Modules\\'
    'PUBLIC' => 'C:\\Users\\Public'
    'PWD' => '/d/git/blog/console'
    'SESSIONNAME' => 'Console'
    'SHELL' => 'C:\\Program Files\\Git\\usr\\bin\\bash.exe'
    'SHLVL' => '1'
    'SSH_ASKPASS' => '/mingw64/libexec/git-core/git-gui--askpass'
    'SYSTEMDRIVE' => 'C:'
    'SYSTEMROOT' => 'C:\\Windows'
    'TEMP' => 'C:\\Users\\ADMINI~1\\AppData\\Local\\Temp'
    'TMP' => 'C:\\Users\\ADMINI~1\\AppData\\Local\\Temp'
    'TMPDIR' => 'C:\\Users\\ADMINI~1\\AppData\\Local\\Temp'
    'USERDOMAIN' => 'KDLC-20171026RD'
    'USERNAME' => 'Administrator'
    'USERPROFILE' => 'C:\\Users\\Administrator'
    'WINDIR' => 'C:\\Windows'
    'windows_tracing_flags' => '3'
    'windows_tracing_logfile' => 'C:\\BVTBin\\Tests\\installpackage\\csilogfile.log'
    '_' => '/usr/bin/winpty'
    'PHP_SELF' => 'yii.php'
    'SCRIPT_NAME' => 'yii.php'
    'SCRIPT_FILENAME' => 'yii.php'
    'PATH_TRANSLATED' => 'yii.php'
    'DOCUMENT_ROOT' => ''
    'REQUEST_TIME_FLOAT' => 1525332361.419
    'REQUEST_TIME' => 1525332361
    'argv' => [
        0 => 'yii.php'
        1 => 'migrate/up'
    ]
    'argc' => 2
]
